<?xml version="1.0" encoding="UTF-8"?>
<!-- Generated by org.testng.reporters.JUnitReportReporter -->
<testsuite skipped="0" hostname="BDC6-LX-6440NNG" name="trainingDemo.DataDriverLoginUsingXML" tests="1" failures="0" timestamp="27 Jul 2018 07:07:38 GMT" time="51.977" errors="0">
  <testcase name="Login" time="51.977" classname="trainingDemo.DataDriverLoginUsingXML"/>
</testsuite> <!-- trainingDemo.DataDriverLoginUsingXML -->
