<?xml version="1.0" encoding="UTF-8"?>
<!-- Generated by org.testng.reporters.JUnitReportReporter -->
<testsuite skipped="0" hostname="BDC6-LX-6440NNG" name="trainingDemo.DemoHDFC" tests="1" failures="0" timestamp="26 Jul 2018 10:03:48 GMT" time="29.250" errors="0">
  <testcase name="TestDemat" time="29.250" classname="trainingDemo.DemoHDFC"/>
</testsuite> <!-- trainingDemo.DemoHDFC -->
