<?xml version="1.0" encoding="UTF-8"?>
<!-- Generated by org.testng.reporters.JUnitReportReporter -->
<testsuite skipped="0" hostname="BDC6-LX-6440NNG" name="trainingDemo.DemoDataDriverLogin" tests="1" failures="0" timestamp="27 Jul 2018 05:44:57 GMT" time="35.045" errors="0">
  <testcase name="Login" time="35.045" classname="trainingDemo.DemoDataDriverLogin"/>
</testsuite> <!-- trainingDemo.DemoDataDriverLogin -->
