<?xml version="1.0" encoding="UTF-8"?>
<!-- Generated by org.testng.reporters.JUnitReportReporter -->
<testsuite skipped="0" hostname="BDC6-LX-6440NNG" name="trainingDemo.DemoWorkingWithFile" tests="1" failures="0" timestamp="27 Jul 2018 04:35:40 GMT" time="1.735" errors="0">
  <testcase name="DemoDataDrivenTest" time="1.735" classname="trainingDemo.DemoWorkingWithFile"/>
</testsuite> <!-- trainingDemo.DemoWorkingWithFile -->
