<?xml version="1.0" encoding="UTF-8"?>
<!-- Generated by org.testng.reporters.JUnitReportReporter -->
<testsuite skipped="0" hostname="BDC6-LX-6440NNG" name="trainingDemo.DemoCleartrip" tests="1" failures="0" timestamp="26 Jul 2018 11:02:06 GMT" time="22.554" errors="0">
  <testcase name="testClearTrip" time="22.554" classname="trainingDemo.DemoCleartrip"/>
</testsuite> <!-- trainingDemo.DemoCleartrip -->
