<?xml version="1.0" encoding="UTF-8"?>
<!-- Generated by org.testng.reporters.JUnitReportReporter -->
<testsuite skipped="0" hostname="BDC6-LX-6440NNG" name="trainingDemo.DemoTelerik" tests="1" failures="0" timestamp="27 Jul 2018 03:43:34 GMT" time="25.429" errors="0">
  <testcase name="TestTelerik" time="25.429" classname="trainingDemo.DemoTelerik"/>
</testsuite> <!-- trainingDemo.DemoTelerik -->
