<?xml version="1.0" encoding="UTF-8"?>
<!-- Generated by org.testng.reporters.JUnitReportReporter -->
<testsuite skipped="0" hostname="BDC6-LX-6440NNG" name="trainingDemo.Demo1" tests="3" failures="0" timestamp="26 Jul 2018 06:43:45 GMT" time="0.062" errors="0">
  <testcase name="f" time="0.031" classname="trainingDemo.Demo1"/>
  <testcase name="xyz" time="0.016" classname="trainingDemo.Demo1"/>
  <testcase name="abc" time="0.015" classname="trainingDemo.Demo1"/>
</testsuite> <!-- trainingDemo.Demo1 -->
